<?xml version="1.0" encoding="UTF-8"?>
<!-- Generated by org.testng.reporters.JUnitXMLReporter -->
<testsuite ignored="4" hostname="DESKTOP-PPLOR3I" failures="0" tests="1" name="Pizza Hut App Test Cases" time="26.521" errors="0" timestamp="2020-10-10T13:37:42 IST">
  <testcase classname="com.pizza.qa.testcases.PlaceOrderSummaryPageTest" name="verifyPlaceOrderSummaryPage_TakeAwayLoginUserTest" time="15.918"/>
  <testcase classname="com.pizza.qa.testcases.PlaceOrderSummaryPageTest" name="verifyPlaceOrderSummaryPage_TakeAwayGuestUserTest" time="0.0">
    <ignored/>
  </testcase> <!-- verifyPlaceOrderSummaryPage_TakeAwayGuestUserTest -->
  <testcase classname="com.pizza.qa.testcases.PlaceOrderSummaryPageTest" name="verifyPlaceOrderSummaryPage_MultiplePizzaLoginUserTest" time="0.0">
    <ignored/>
  </testcase> <!-- verifyPlaceOrderSummaryPage_MultiplePizzaLoginUserTest -->
  <testcase classname="com.pizza.qa.testcases.PlaceOrderSummaryPageTest" name="verifyPlaceOrderSummaryPage_MultiplePizzaGuestUserTest" time="0.0">
    <ignored/>
  </testcase> <!-- verifyPlaceOrderSummaryPage_MultiplePizzaGuestUserTest -->
  <testcase classname="com.pizza.qa.testcases.PlaceOrderSummaryPageTest" name="verifyOrderflow_with_GuestUserTest" time="0.0">
    <ignored/>
  </testcase> <!-- verifyOrderflow_with_GuestUserTest -->
</testsuite> <!-- Pizza Hut App Test Cases -->
