<?xml version="1.0" encoding="UTF-8"?>
<testng-results ignored="4" total="5" passed="1" failed="0" skipped="0">
  <reporter-output>
  </reporter-output>
  <suite started-at="2020-10-10T13:37:16 IST" name="Pizza Hut App Test Cases" finished-at="2020-10-10T13:37:42 IST" duration-ms="26521">
    <groups>
      <group name="TakeAwaywithLoginUser">
        <method signature="PlaceOrderSummaryPageTest.verifyPlaceOrderSummaryPage_TakeAwayLoginUserTest()[pri:0, instance:com.pizza.qa.testcases.PlaceOrderSummaryPageTest@363ee3a2]" name="verifyPlaceOrderSummaryPage_TakeAwayLoginUserTest" class="com.pizza.qa.testcases.PlaceOrderSummaryPageTest"/>
      </group> <!-- TakeAwaywithLoginUser -->
    </groups>
    <test started-at="2020-10-10T13:37:16 IST" name="Pizza Hut App Test Cases" finished-at="2020-10-10T13:37:42 IST" duration-ms="26521">
      <class name="com.pizza.qa.testcases.PlaceOrderSummaryPageTest">
        <test-method is-config="true" signature="setUp()[pri:0, instance:com.pizza.qa.testcases.PlaceOrderSummaryPageTest@363ee3a2]" started-at="2020-10-10T13:37:16 IST" name="setUp" finished-at="2020-10-10T13:37:26 IST" duration-ms="10499" status="PASS">
          <reporter-output>
          </reporter-output>
        </test-method> <!-- setUp -->
        <test-method signature="verifyPlaceOrderSummaryPage_TakeAwayLoginUserTest()[pri:0, instance:com.pizza.qa.testcases.PlaceOrderSummaryPageTest@363ee3a2]" started-at="2020-10-10T13:37:26 IST" name="verifyPlaceOrderSummaryPage_TakeAwayLoginUserTest" finished-at="2020-10-10T13:37:42 IST" duration-ms="15918" status="PASS">
          <reporter-output>
          </reporter-output>
        </test-method> <!-- verifyPlaceOrderSummaryPage_TakeAwayLoginUserTest -->
      </class> <!-- com.pizza.qa.testcases.PlaceOrderSummaryPageTest -->
    </test> <!-- Pizza Hut App Test Cases -->
  </suite> <!-- Pizza Hut App Test Cases -->
</testng-results>
